<component name="libraryTable">
  <library name="junit_junit-dep_4.4">
    <CLASSES>
      <root url="jar://$USER_HOME$/.ivy2/cache/junit/junit-dep/jars/junit-dep-4.4.jar!/" />
    </CLASSES>
    <JAVADOC />
    <SOURCES />
  </library>
</component>